<?xml version="1.0" encoding="UTF-8"?>
<testsuite name="Title of your feature" tests="1" skipped="0" failures="0" errors="0" timestamp="2021-06-16T02:56:56" hostname="PC" time="33.076">
  <properties/>
  <testcase name="Buscar un producto aleatorio en OLX exitoso" classname="Title of your feature" time="33.076"/>
  <system-out><![CDATA[2
Estacion de carga para vehiculos Gris Tipo Europeo Fase 2
]]></system-out>
  <system-err><![CDATA[Starting ChromeDriver 91.0.4472.19 (1bf021f248676a0b2ab3ee0561d83a59e424c23e-refs/branch-heads/4472@{#288}) on port 29145
Only local connections are allowed.
Please see https://chromedriver.chromium.org/security-considerations for suggestions on keeping ChromeDriver safe.
ChromeDriver was started successfully.
jun 15, 2021 9:57:00 PM org.openqa.selenium.remote.ProtocolHandshake createSession
INFORMACIÓN: Detected dialect: W3C
[Test worker] INFO net.thucydides.core.steps.ConsoleLoggingListener - 
        __    _____ _____ ____ _____   ____   _    ____  ____  _____ ____  
  _     \ \  |_   _| ____/ ___|_   _| |  _ \ / \  / ___|/ ___|| ____|  _ \ 
 (_)_____| |   | | |  _| \___ \ | |   | |_) / _ \ \___ \\___ \|  _| | | | |
  _|_____| |   | | | |___ ___) || |   |  __/ ___ \ ___) |___) | |___| |_| |
 (_)     | |   |_| |_____|____/ |_|   |_| /_/   \_\____/|____/|_____|____/ 
        /_/                                                                

TEST PASSED: Buscar un producto aleatorio en OLX exitoso
----------------------------------------------------------------------------
]]></system-err>
</testsuite>
