<?xml version="1.0" encoding="UTF-8"?><testsuite errors="0" failures="1" name="HU-001 Buscador Haceb" skipped="0" tests="2" time="70.96" timestamp="2021-06-15 09:58:14"><testcase name="busco el producto en el buscador Haceb fallido"><failure message="Expected enabled element was not enabled" type="net.thucydides.core.webdriver.exceptions.ElementShouldBeEnabledException">Expected enabled element was not enabled</failure><system-err>Expected enabled element was not enabled&#13;
tasks.BuscarProductoEnHaceb.performAs(BuscarProductoEnHaceb.java:24)&#13;
stepDefinitions.HacebBuscadorFailedStepDefinitions.buscoElProductoEnElBuscador(HacebBuscadorFailedStepDefinitions.java:26)&#13;
cucumber.runner.Runner.runPickle(Runner.java:80)&#13;
</system-err></testcase><testcase name="Buscar un producto en el buscador exitoso"/></testsuite>